[2026-03-09T17:27:14.277+0000] {taskinstance.py:1979} INFO - Dependencies all met for dep_context=non-requeueable deps ti=<TaskInstance: trustpilot_training_pipeline.train_model manual__2026-03-09T17:21:53.417711+00:00 [queued]>
[2026-03-09T17:27:14.288+0000] {taskinstance.py:1979} INFO - Dependencies all met for dep_context=requeueable deps ti=<TaskInstance: trustpilot_training_pipeline.train_model manual__2026-03-09T17:21:53.417711+00:00 [queued]>
[2026-03-09T17:27:14.288+0000] {taskinstance.py:2193} INFO - Starting attempt 2 of 2
[2026-03-09T17:27:14.310+0000] {taskinstance.py:2217} INFO - Executing <Task(BashOperator): train_model> on 2026-03-09 17:21:53.417711+00:00
[2026-03-09T17:27:14.316+0000] {standard_task_runner.py:60} INFO - Started process 63 to run task
[2026-03-09T17:27:14.320+0000] {standard_task_runner.py:87} INFO - Running: ['airflow', 'tasks', 'run', 'trustpilot_training_pipeline', 'train_model', 'manual__2026-03-09T17:21:53.417711+00:00', '--job-id', '16', '--raw', '--subdir', 'DAGS_FOLDER/trustpilot_training_pipeline.py', '--cfg-path', '/tmp/tmp0rf61cp8']
[2026-03-09T17:27:14.322+0000] {standard_task_runner.py:88} INFO - Job 16: Subtask train_model
[2026-03-09T17:27:14.378+0000] {task_command.py:423} INFO - Running <TaskInstance: trustpilot_training_pipeline.train_model manual__2026-03-09T17:21:53.417711+00:00 [running]> on host 9172c2c67144
[2026-03-09T17:27:14.458+0000] {taskinstance.py:2513} INFO - Exporting env vars: AIRFLOW_CTX_DAG_OWNER='mlops' AIRFLOW_CTX_DAG_ID='trustpilot_training_pipeline' AIRFLOW_CTX_TASK_ID='train_model' AIRFLOW_CTX_EXECUTION_DATE='2026-03-09T17:21:53.417711+00:00' AIRFLOW_CTX_TRY_NUMBER='2' AIRFLOW_CTX_DAG_RUN_ID='manual__2026-03-09T17:21:53.417711+00:00'
[2026-03-09T17:27:14.460+0000] {subprocess.py:63} INFO - Tmp dir root location: /tmp
[2026-03-09T17:27:14.460+0000] {subprocess.py:75} INFO - Running command: ['/usr/bin/bash', '-c', 'docker run --rm --network trustpilot_mlops_default -v $(pwd)/data:/data trustpilot_mlops_trainer python train_job.py --k 6']
[2026-03-09T17:27:14.477+0000] {subprocess.py:86} INFO - Output:
[2026-03-09T17:27:23.227+0000] {subprocess.py:93} INFO - Traceback (most recent call last):
[2026-03-09T17:27:23.227+0000] {subprocess.py:93} INFO -   File "/app/train_job.py", line 190, in <module>
[2026-03-09T17:27:23.228+0000] {subprocess.py:93} INFO -     main()
[2026-03-09T17:27:23.228+0000] {subprocess.py:93} INFO -   File "/app/train_job.py", line 98, in main
[2026-03-09T17:27:23.228+0000] {subprocess.py:93} INFO -     df = pd.read_csv(DATA_PATH, header=None, names=["label", "title", "text"])
[2026-03-09T17:27:23.228+0000] {subprocess.py:93} INFO -          ^^^^^^^^^^^^^^^^^^^^^^^^^^^^^^^^^^^^^^^^^^^^^^^^^^^^^^^^^^^^^^^^^^^^^
[2026-03-09T17:27:23.229+0000] {subprocess.py:93} INFO -   File "/usr/local/lib/python3.11/site-packages/pandas/io/parsers/readers.py", line 1026, in read_csv
[2026-03-09T17:27:23.229+0000] {subprocess.py:93} INFO -     return _read(filepath_or_buffer, kwds)
[2026-03-09T17:27:23.229+0000] {subprocess.py:93} INFO -            ^^^^^^^^^^^^^^^^^^^^^^^^^^^^^^^
[2026-03-09T17:27:23.229+0000] {subprocess.py:93} INFO -   File "/usr/local/lib/python3.11/site-packages/pandas/io/parsers/readers.py", line 620, in _read
[2026-03-09T17:27:23.230+0000] {subprocess.py:93} INFO -     parser = TextFileReader(filepath_or_buffer, **kwds)
[2026-03-09T17:27:23.230+0000] {subprocess.py:93} INFO -              ^^^^^^^^^^^^^^^^^^^^^^^^^^^^^^^^^^^^^^^^^^
[2026-03-09T17:27:23.230+0000] {subprocess.py:93} INFO -   File "/usr/local/lib/python3.11/site-packages/pandas/io/parsers/readers.py", line 1620, in __init__
[2026-03-09T17:27:23.230+0000] {subprocess.py:93} INFO -     self._engine = self._make_engine(f, self.engine)
[2026-03-09T17:27:23.230+0000] {subprocess.py:93} INFO -                    ^^^^^^^^^^^^^^^^^^^^^^^^^^^^^^^^^
[2026-03-09T17:27:23.231+0000] {subprocess.py:93} INFO -   File "/usr/local/lib/python3.11/site-packages/pandas/io/parsers/readers.py", line 1880, in _make_engine
[2026-03-09T17:27:23.231+0000] {subprocess.py:93} INFO -     self.handles = get_handle(
[2026-03-09T17:27:23.231+0000] {subprocess.py:93} INFO -                    ^^^^^^^^^^^
[2026-03-09T17:27:23.231+0000] {subprocess.py:93} INFO -   File "/usr/local/lib/python3.11/site-packages/pandas/io/common.py", line 873, in get_handle
[2026-03-09T17:27:23.231+0000] {subprocess.py:93} INFO -     handle = open(
[2026-03-09T17:27:23.232+0000] {subprocess.py:93} INFO -              ^^^^^
[2026-03-09T17:27:23.232+0000] {subprocess.py:93} INFO - FileNotFoundError: [Errno 2] No such file or directory: '/data/raw/train.csv'
[2026-03-09T17:27:24.685+0000] {subprocess.py:97} INFO - Command exited with return code 1
[2026-03-09T17:27:24.696+0000] {taskinstance.py:2731} ERROR - Task failed with exception
Traceback (most recent call last):
  File "/home/airflow/.local/lib/python3.8/site-packages/airflow/models/taskinstance.py", line 444, in _execute_task
    result = _execute_callable(context=context, **execute_callable_kwargs)
  File "/home/airflow/.local/lib/python3.8/site-packages/airflow/models/taskinstance.py", line 414, in _execute_callable
    return execute_callable(context=context, **execute_callable_kwargs)
  File "/home/airflow/.local/lib/python3.8/site-packages/airflow/operators/bash.py", line 212, in execute
    raise AirflowException(
airflow.exceptions.AirflowException: Bash command failed. The command returned a non-zero exit code 1.
[2026-03-09T17:27:24.700+0000] {taskinstance.py:1149} INFO - Marking task as FAILED. dag_id=trustpilot_training_pipeline, task_id=train_model, execution_date=20260309T172153, start_date=20260309T172714, end_date=20260309T172724
[2026-03-09T17:27:24.719+0000] {standard_task_runner.py:107} ERROR - Failed to execute job 16 for task train_model (Bash command failed. The command returned a non-zero exit code 1.; 63)
[2026-03-09T17:27:24.739+0000] {local_task_job_runner.py:234} INFO - Task exited with return code 1
[2026-03-09T17:27:24.762+0000] {taskinstance.py:3312} INFO - 0 downstream tasks scheduled from follow-on schedule check
