[2026-03-09T16:16:30.957+0000] {taskinstance.py:1979} INFO - Dependencies all met for dep_context=non-requeueable deps ti=<TaskInstance: trustpilot_training_pipeline.train_model manual__2026-03-09T16:16:25.722461+00:00 [queued]>
[2026-03-09T16:16:30.966+0000] {taskinstance.py:1979} INFO - Dependencies all met for dep_context=requeueable deps ti=<TaskInstance: trustpilot_training_pipeline.train_model manual__2026-03-09T16:16:25.722461+00:00 [queued]>
[2026-03-09T16:16:30.966+0000] {taskinstance.py:2193} INFO - Starting attempt 1 of 2
[2026-03-09T16:16:30.986+0000] {taskinstance.py:2217} INFO - Executing <Task(BashOperator): train_model> on 2026-03-09 16:16:25.722461+00:00
[2026-03-09T16:16:30.991+0000] {standard_task_runner.py:60} INFO - Started process 31 to run task
[2026-03-09T16:16:30.995+0000] {standard_task_runner.py:87} INFO - Running: ['airflow', 'tasks', 'run', 'trustpilot_training_pipeline', 'train_model', 'manual__2026-03-09T16:16:25.722461+00:00', '--job-id', '6', '--raw', '--subdir', 'DAGS_FOLDER/trustpilot_training_pipeline.py', '--cfg-path', '/tmp/tmpajicrwpv']
[2026-03-09T16:16:30.998+0000] {standard_task_runner.py:88} INFO - Job 6: Subtask train_model
[2026-03-09T16:16:31.050+0000] {task_command.py:423} INFO - Running <TaskInstance: trustpilot_training_pipeline.train_model manual__2026-03-09T16:16:25.722461+00:00 [running]> on host 9172c2c67144
[2026-03-09T16:16:31.143+0000] {taskinstance.py:2513} INFO - Exporting env vars: AIRFLOW_CTX_DAG_OWNER='mlops' AIRFLOW_CTX_DAG_ID='trustpilot_training_pipeline' AIRFLOW_CTX_TASK_ID='train_model' AIRFLOW_CTX_EXECUTION_DATE='2026-03-09T16:16:25.722461+00:00' AIRFLOW_CTX_TRY_NUMBER='1' AIRFLOW_CTX_DAG_RUN_ID='manual__2026-03-09T16:16:25.722461+00:00'
[2026-03-09T16:16:31.144+0000] {subprocess.py:63} INFO - Tmp dir root location: /tmp
[2026-03-09T16:16:31.145+0000] {subprocess.py:75} INFO - Running command: ['/usr/bin/bash', '-c', 'docker-compose run --rm trainer python train_job.py --k 6']
[2026-03-09T16:16:31.159+0000] {subprocess.py:86} INFO - Output:
[2026-03-09T16:16:31.162+0000] {subprocess.py:93} INFO - /usr/bin/bash: line 1: docker-compose: command not found
[2026-03-09T16:16:31.162+0000] {subprocess.py:97} INFO - Command exited with return code 127
[2026-03-09T16:16:31.172+0000] {taskinstance.py:2731} ERROR - Task failed with exception
Traceback (most recent call last):
  File "/home/airflow/.local/lib/python3.8/site-packages/airflow/models/taskinstance.py", line 444, in _execute_task
    result = _execute_callable(context=context, **execute_callable_kwargs)
  File "/home/airflow/.local/lib/python3.8/site-packages/airflow/models/taskinstance.py", line 414, in _execute_callable
    return execute_callable(context=context, **execute_callable_kwargs)
  File "/home/airflow/.local/lib/python3.8/site-packages/airflow/operators/bash.py", line 212, in execute
    raise AirflowException(
airflow.exceptions.AirflowException: Bash command failed. The command returned a non-zero exit code 127.
[2026-03-09T16:16:31.176+0000] {taskinstance.py:1149} INFO - Marking task as UP_FOR_RETRY. dag_id=trustpilot_training_pipeline, task_id=train_model, execution_date=20260309T161625, start_date=20260309T161630, end_date=20260309T161631
[2026-03-09T16:16:31.193+0000] {standard_task_runner.py:107} ERROR - Failed to execute job 6 for task train_model (Bash command failed. The command returned a non-zero exit code 127.; 31)
[2026-03-09T16:16:31.207+0000] {local_task_job_runner.py:234} INFO - Task exited with return code 1
[2026-03-09T16:16:31.237+0000] {taskinstance.py:3312} INFO - 0 downstream tasks scheduled from follow-on schedule check
