[2026-03-09T16:40:43.367+0000] {taskinstance.py:1979} INFO - Dependencies all met for dep_context=non-requeueable deps ti=<TaskInstance: trustpilot_training_pipeline.train_model manual__2026-03-09T16:35:33.329977+00:00 [queued]>
[2026-03-09T16:40:43.376+0000] {taskinstance.py:1979} INFO - Dependencies all met for dep_context=requeueable deps ti=<TaskInstance: trustpilot_training_pipeline.train_model manual__2026-03-09T16:35:33.329977+00:00 [queued]>
[2026-03-09T16:40:43.376+0000] {taskinstance.py:2193} INFO - Starting attempt 2 of 2
[2026-03-09T16:40:43.399+0000] {taskinstance.py:2217} INFO - Executing <Task(BashOperator): train_model> on 2026-03-09 16:35:33.329977+00:00
[2026-03-09T16:40:43.404+0000] {standard_task_runner.py:60} INFO - Started process 104 to run task
[2026-03-09T16:40:43.409+0000] {standard_task_runner.py:87} INFO - Running: ['airflow', 'tasks', 'run', 'trustpilot_training_pipeline', 'train_model', 'manual__2026-03-09T16:35:33.329977+00:00', '--job-id', '9', '--raw', '--subdir', 'DAGS_FOLDER/trustpilot_training_pipeline.py', '--cfg-path', '/tmp/tmpqii2_24d']
[2026-03-09T16:40:43.410+0000] {standard_task_runner.py:88} INFO - Job 9: Subtask train_model
[2026-03-09T16:40:43.465+0000] {task_command.py:423} INFO - Running <TaskInstance: trustpilot_training_pipeline.train_model manual__2026-03-09T16:35:33.329977+00:00 [running]> on host 9172c2c67144
[2026-03-09T16:40:43.544+0000] {taskinstance.py:2513} INFO - Exporting env vars: AIRFLOW_CTX_DAG_OWNER='mlops' AIRFLOW_CTX_DAG_ID='trustpilot_training_pipeline' AIRFLOW_CTX_TASK_ID='train_model' AIRFLOW_CTX_EXECUTION_DATE='2026-03-09T16:35:33.329977+00:00' AIRFLOW_CTX_TRY_NUMBER='2' AIRFLOW_CTX_DAG_RUN_ID='manual__2026-03-09T16:35:33.329977+00:00'
[2026-03-09T16:40:43.545+0000] {subprocess.py:63} INFO - Tmp dir root location: /tmp
[2026-03-09T16:40:43.545+0000] {subprocess.py:75} INFO - Running command: ['/usr/bin/bash', '-c', 'docker run --rm --network trustpilot_mlops_default trustpilot_mlops_trainer python train_job.py --k 6']
[2026-03-09T16:40:43.560+0000] {subprocess.py:86} INFO - Output:
[2026-03-09T16:40:43.585+0000] {subprocess.py:93} INFO - docker: permission denied while trying to connect to the Docker daemon socket at unix:///var/run/docker.sock: Head "http://%2Fvar%2Frun%2Fdocker.sock/_ping": dial unix /var/run/docker.sock: connect: permission denied.
[2026-03-09T16:40:43.586+0000] {subprocess.py:93} INFO - See 'docker run --help'.
[2026-03-09T16:40:43.590+0000] {subprocess.py:97} INFO - Command exited with return code 126
[2026-03-09T16:40:43.601+0000] {taskinstance.py:2731} ERROR - Task failed with exception
Traceback (most recent call last):
  File "/home/airflow/.local/lib/python3.8/site-packages/airflow/models/taskinstance.py", line 444, in _execute_task
    result = _execute_callable(context=context, **execute_callable_kwargs)
  File "/home/airflow/.local/lib/python3.8/site-packages/airflow/models/taskinstance.py", line 414, in _execute_callable
    return execute_callable(context=context, **execute_callable_kwargs)
  File "/home/airflow/.local/lib/python3.8/site-packages/airflow/operators/bash.py", line 212, in execute
    raise AirflowException(
airflow.exceptions.AirflowException: Bash command failed. The command returned a non-zero exit code 126.
[2026-03-09T16:40:43.604+0000] {taskinstance.py:1149} INFO - Marking task as FAILED. dag_id=trustpilot_training_pipeline, task_id=train_model, execution_date=20260309T163533, start_date=20260309T164043, end_date=20260309T164043
[2026-03-09T16:40:43.623+0000] {standard_task_runner.py:107} ERROR - Failed to execute job 9 for task train_model (Bash command failed. The command returned a non-zero exit code 126.; 104)
[2026-03-09T16:40:43.662+0000] {local_task_job_runner.py:234} INFO - Task exited with return code 1
[2026-03-09T16:40:43.692+0000] {taskinstance.py:3312} INFO - 0 downstream tasks scheduled from follow-on schedule check
