[2026-03-09T17:33:21.391+0000] {taskinstance.py:1979} INFO - Dependencies all met for dep_context=non-requeueable deps ti=<TaskInstance: trustpilot_training_pipeline.train_model manual__2026-03-09T17:33:16.346035+00:00 [queued]>
[2026-03-09T17:33:21.403+0000] {taskinstance.py:1979} INFO - Dependencies all met for dep_context=requeueable deps ti=<TaskInstance: trustpilot_training_pipeline.train_model manual__2026-03-09T17:33:16.346035+00:00 [queued]>
[2026-03-09T17:33:21.403+0000] {taskinstance.py:2193} INFO - Starting attempt 1 of 2
[2026-03-09T17:33:21.428+0000] {taskinstance.py:2217} INFO - Executing <Task(BashOperator): train_model> on 2026-03-09 17:33:16.346035+00:00
[2026-03-09T17:33:21.434+0000] {standard_task_runner.py:60} INFO - Started process 30 to run task
[2026-03-09T17:33:21.441+0000] {standard_task_runner.py:87} INFO - Running: ['airflow', 'tasks', 'run', 'trustpilot_training_pipeline', 'train_model', 'manual__2026-03-09T17:33:16.346035+00:00', '--job-id', '18', '--raw', '--subdir', 'DAGS_FOLDER/trustpilot_training_pipeline.py', '--cfg-path', '/tmp/tmp7llrnk8r']
[2026-03-09T17:33:21.444+0000] {standard_task_runner.py:88} INFO - Job 18: Subtask train_model
[2026-03-09T17:33:21.504+0000] {task_command.py:423} INFO - Running <TaskInstance: trustpilot_training_pipeline.train_model manual__2026-03-09T17:33:16.346035+00:00 [running]> on host 9172c2c67144
[2026-03-09T17:33:21.593+0000] {taskinstance.py:2513} INFO - Exporting env vars: AIRFLOW_CTX_DAG_OWNER='mlops' AIRFLOW_CTX_DAG_ID='trustpilot_training_pipeline' AIRFLOW_CTX_TASK_ID='train_model' AIRFLOW_CTX_EXECUTION_DATE='2026-03-09T17:33:16.346035+00:00' AIRFLOW_CTX_TRY_NUMBER='1' AIRFLOW_CTX_DAG_RUN_ID='manual__2026-03-09T17:33:16.346035+00:00'
[2026-03-09T17:33:21.594+0000] {subprocess.py:63} INFO - Tmp dir root location: /tmp
[2026-03-09T17:33:21.594+0000] {subprocess.py:75} INFO - Running command: ['/usr/bin/bash', '-c', 'docker run --rm --network trustpilot_mlops_default -v /home/ubuntu/Trustpilot_mlops/data:/data trustpilot_mlops_trainer python train_job.py --k 6']
[2026-03-09T17:33:21.611+0000] {subprocess.py:86} INFO - Output:
[2026-03-09T17:34:41.384+0000] {subprocess.py:93} INFO - Successfully registered model 'TrustpilotTopicModel'.
[2026-03-09T17:34:41.470+0000] {subprocess.py:93} INFO - 2026/03/09 17:34:41 INFO mlflow.store.model_registry.abstract_store: Waiting up to 300 seconds for model version to finish creation. Model name: TrustpilotTopicModel, version 1
[2026-03-09T17:34:41.471+0000] {subprocess.py:93} INFO - Created version '1' of model 'TrustpilotTopicModel'.
[2026-03-09T17:34:41.471+0000] {subprocess.py:93} INFO - 2026/03/09 17:34:41 WARNING mlflow.models.model: Input example should be provided to infer model signature if the model signature is not provided when logging the model.
[2026-03-09T17:34:41.503+0000] {subprocess.py:93} INFO - /app/train_job.py:70: FutureWarning: ``mlflow.tracking.client.MlflowClient.get_latest_versions`` is deprecated since 2.9.0. Model registry stages will be removed in a future major release. To learn more about the deprecation of model registry stages, see our migration guide here: https://mlflow.org/docs/latest/model-registry.html#migrating-from-stages
[2026-03-09T17:34:41.504+0000] {subprocess.py:93} INFO -   latest = client.get_latest_versions(registered_model_name)
[2026-03-09T17:34:41.578+0000] {subprocess.py:93} INFO - 2026/03/09 17:34:41 INFO mlflow.tracking._tracking_service.client: 🏃 View run sbert_kmeans_k6 at: http://mlflow:5000/#/experiments/1/runs/347ac6991b0f428b8a97521cf319e126.
[2026-03-09T17:34:41.578+0000] {subprocess.py:93} INFO - 2026/03/09 17:34:41 INFO mlflow.tracking._tracking_service.client: 🧪 View experiment at: http://mlflow:5000/#/experiments/1.
[2026-03-09T17:34:41.607+0000] {subprocess.py:93} INFO - [PROMOTION] No valid Production metric -> set Production to v1 (silhouette=0.04689408838748932)
[2026-03-09T17:34:41.608+0000] {subprocess.py:93} INFO - {'status': 'success', 'silhouette': 0.04689408838748932, 'k': 6, 'sample_size': 1001}
[2026-03-09T17:34:43.438+0000] {subprocess.py:97} INFO - Command exited with return code 0
[2026-03-09T17:34:43.471+0000] {taskinstance.py:1149} INFO - Marking task as SUCCESS. dag_id=trustpilot_training_pipeline, task_id=train_model, execution_date=20260309T173316, start_date=20260309T173321, end_date=20260309T173443
[2026-03-09T17:34:43.516+0000] {local_task_job_runner.py:234} INFO - Task exited with return code 0
[2026-03-09T17:34:43.539+0000] {taskinstance.py:3312} INFO - 1 downstream tasks scheduled from follow-on schedule check
