[2026-03-09T17:46:57.304+0000] {taskinstance.py:1979} INFO - Dependencies all met for dep_context=non-requeueable deps ti=<TaskInstance: trustpilot_training_pipeline.train_model manual__2026-03-09T17:46:52.420729+00:00 [queued]>
[2026-03-09T17:46:57.317+0000] {taskinstance.py:1979} INFO - Dependencies all met for dep_context=requeueable deps ti=<TaskInstance: trustpilot_training_pipeline.train_model manual__2026-03-09T17:46:52.420729+00:00 [queued]>
[2026-03-09T17:46:57.317+0000] {taskinstance.py:2193} INFO - Starting attempt 1 of 2
[2026-03-09T17:46:57.340+0000] {taskinstance.py:2217} INFO - Executing <Task(BashOperator): train_model> on 2026-03-09 17:46:52.420729+00:00
[2026-03-09T17:46:57.345+0000] {standard_task_runner.py:60} INFO - Started process 30 to run task
[2026-03-09T17:46:57.350+0000] {standard_task_runner.py:87} INFO - Running: ['airflow', 'tasks', 'run', 'trustpilot_training_pipeline', 'train_model', 'manual__2026-03-09T17:46:52.420729+00:00', '--job-id', '22', '--raw', '--subdir', 'DAGS_FOLDER/trustpilot_training_pipeline.py', '--cfg-path', '/tmp/tmp3oon5917']
[2026-03-09T17:46:57.353+0000] {standard_task_runner.py:88} INFO - Job 22: Subtask train_model
[2026-03-09T17:46:57.421+0000] {task_command.py:423} INFO - Running <TaskInstance: trustpilot_training_pipeline.train_model manual__2026-03-09T17:46:52.420729+00:00 [running]> on host 9172c2c67144
[2026-03-09T17:46:57.514+0000] {taskinstance.py:2513} INFO - Exporting env vars: AIRFLOW_CTX_DAG_OWNER='mlops' AIRFLOW_CTX_DAG_ID='trustpilot_training_pipeline' AIRFLOW_CTX_TASK_ID='train_model' AIRFLOW_CTX_EXECUTION_DATE='2026-03-09T17:46:52.420729+00:00' AIRFLOW_CTX_TRY_NUMBER='1' AIRFLOW_CTX_DAG_RUN_ID='manual__2026-03-09T17:46:52.420729+00:00'
[2026-03-09T17:46:57.515+0000] {subprocess.py:63} INFO - Tmp dir root location: /tmp
[2026-03-09T17:46:57.516+0000] {subprocess.py:75} INFO - Running command: ['/usr/bin/bash', '-c', 'docker run --rm --network trustpilot_mlops_default -v /home/ubuntu/Trustpilot_mlops/data:/data trustpilot_mlops_trainer python train_job.py --k 6']
[2026-03-09T17:46:57.531+0000] {subprocess.py:86} INFO - Output:
[2026-03-09T17:48:15.976+0000] {subprocess.py:93} INFO - Registered model 'TrustpilotTopicModel' already exists. Creating a new version of this model...
[2026-03-09T17:48:16.027+0000] {subprocess.py:93} INFO - 2026/03/09 17:48:16 INFO mlflow.store.model_registry.abstract_store: Waiting up to 300 seconds for model version to finish creation. Model name: TrustpilotTopicModel, version 2
[2026-03-09T17:48:16.028+0000] {subprocess.py:93} INFO - Created version '2' of model 'TrustpilotTopicModel'.
[2026-03-09T17:48:16.028+0000] {subprocess.py:93} INFO - 2026/03/09 17:48:16 WARNING mlflow.models.model: Input example should be provided to infer model signature if the model signature is not provided when logging the model.
[2026-03-09T17:48:16.097+0000] {subprocess.py:93} INFO - 2026/03/09 17:48:16 INFO mlflow.tracking._tracking_service.client: 🏃 View run sbert_kmeans_k6 at: http://mlflow:5000/#/experiments/1/runs/d0c8bee5d0f84af0b8e83031ee22e7dd.
[2026-03-09T17:48:16.097+0000] {subprocess.py:93} INFO - 2026/03/09 17:48:16 INFO mlflow.tracking._tracking_service.client: 🧪 View experiment at: http://mlflow:5000/#/experiments/1.
[2026-03-09T17:48:16.115+0000] {subprocess.py:93} INFO - [PROMOTION] No promotion (Production silhouette=0.04689408838748932 >= new silhouette=0.04689408838748932)
[2026-03-09T17:48:16.115+0000] {subprocess.py:93} INFO - {'status': 'success', 'silhouette': 0.04689408838748932, 'k': 6, 'sample_size': 1001}
[2026-03-09T17:48:17.884+0000] {subprocess.py:97} INFO - Command exited with return code 0
[2026-03-09T17:48:17.915+0000] {taskinstance.py:1149} INFO - Marking task as SUCCESS. dag_id=trustpilot_training_pipeline, task_id=train_model, execution_date=20260309T174652, start_date=20260309T174657, end_date=20260309T174817
[2026-03-09T17:48:17.982+0000] {local_task_job_runner.py:234} INFO - Task exited with return code 0
[2026-03-09T17:48:18.005+0000] {taskinstance.py:3312} INFO - 1 downstream tasks scheduled from follow-on schedule check
