[2026-03-09T17:48:23.572+0000] {taskinstance.py:1979} INFO - Dependencies all met for dep_context=non-requeueable deps ti=<TaskInstance: trustpilot_training_pipeline.evaluate_registry manual__2026-03-09T17:46:52.420729+00:00 [queued]>
[2026-03-09T17:48:23.582+0000] {taskinstance.py:1979} INFO - Dependencies all met for dep_context=requeueable deps ti=<TaskInstance: trustpilot_training_pipeline.evaluate_registry manual__2026-03-09T17:46:52.420729+00:00 [queued]>
[2026-03-09T17:48:23.582+0000] {taskinstance.py:2193} INFO - Starting attempt 1 of 2
[2026-03-09T17:48:23.607+0000] {taskinstance.py:2217} INFO - Executing <Task(BashOperator): evaluate_registry> on 2026-03-09 17:46:52.420729+00:00
[2026-03-09T17:48:23.613+0000] {standard_task_runner.py:60} INFO - Started process 47 to run task
[2026-03-09T17:48:23.618+0000] {standard_task_runner.py:87} INFO - Running: ['airflow', 'tasks', 'run', 'trustpilot_training_pipeline', 'evaluate_registry', 'manual__2026-03-09T17:46:52.420729+00:00', '--job-id', '23', '--raw', '--subdir', 'DAGS_FOLDER/trustpilot_training_pipeline.py', '--cfg-path', '/tmp/tmpb_x9yhui']
[2026-03-09T17:48:23.620+0000] {standard_task_runner.py:88} INFO - Job 23: Subtask evaluate_registry
[2026-03-09T17:48:23.683+0000] {task_command.py:423} INFO - Running <TaskInstance: trustpilot_training_pipeline.evaluate_registry manual__2026-03-09T17:46:52.420729+00:00 [running]> on host 9172c2c67144
[2026-03-09T17:48:23.778+0000] {taskinstance.py:2513} INFO - Exporting env vars: AIRFLOW_CTX_DAG_OWNER='mlops' AIRFLOW_CTX_DAG_ID='trustpilot_training_pipeline' AIRFLOW_CTX_TASK_ID='evaluate_registry' AIRFLOW_CTX_EXECUTION_DATE='2026-03-09T17:46:52.420729+00:00' AIRFLOW_CTX_TRY_NUMBER='1' AIRFLOW_CTX_DAG_RUN_ID='manual__2026-03-09T17:46:52.420729+00:00'
[2026-03-09T17:48:23.779+0000] {subprocess.py:63} INFO - Tmp dir root location: /tmp
[2026-03-09T17:48:23.780+0000] {subprocess.py:75} INFO - Running command: ['/usr/bin/bash', '-c', 'docker run --rm --network trustpilot_mlops_default trustpilot_mlops_trainer python /app/scripts/evaluate_registry.py']
[2026-03-09T17:48:23.799+0000] {subprocess.py:86} INFO - Output:
[2026-03-09T17:48:26.063+0000] {subprocess.py:93} INFO - === MLflow Registry Evaluation ===
[2026-03-09T17:48:26.064+0000] {subprocess.py:93} INFO - model                 : TrustpilotTopicModel
[2026-03-09T17:48:26.064+0000] {subprocess.py:93} INFO - metric                : silhouette_score
[2026-03-09T17:48:26.064+0000] {subprocess.py:93} INFO - checked_last_versions : 0
[2026-03-09T17:48:26.064+0000] {subprocess.py:93} INFO - --- Production ---
[2026-03-09T17:48:26.065+0000] {subprocess.py:93} INFO - alias       : Production
[2026-03-09T17:48:26.065+0000] {subprocess.py:93} INFO - version     : None
[2026-03-09T17:48:26.065+0000] {subprocess.py:93} INFO - metric      : None
[2026-03-09T17:48:26.065+0000] {subprocess.py:93} INFO - --- Best found ---
[2026-03-09T17:48:26.065+0000] {subprocess.py:93} INFO - best_version: None
[2026-03-09T17:48:26.066+0000] {subprocess.py:93} INFO - best_metric : None
[2026-03-09T17:48:26.066+0000] {subprocess.py:93} INFO - --- Decision (theoretical) ---
[2026-03-09T17:48:26.066+0000] {subprocess.py:93} INFO - should_promote: False
[2026-03-09T17:48:26.628+0000] {subprocess.py:97} INFO - Command exited with return code 0
[2026-03-09T17:48:26.658+0000] {taskinstance.py:1149} INFO - Marking task as SUCCESS. dag_id=trustpilot_training_pipeline, task_id=evaluate_registry, execution_date=20260309T174652, start_date=20260309T174823, end_date=20260309T174826
[2026-03-09T17:48:26.729+0000] {local_task_job_runner.py:234} INFO - Task exited with return code 0
[2026-03-09T17:48:26.754+0000] {taskinstance.py:3312} INFO - 0 downstream tasks scheduled from follow-on schedule check
